Test case 1:
Group #1:
2
4
6
8
3
7
5
Group #2:
3
6
9
2
7
1
8
5
Group #3:
3
6
2
7
Group #4:
2
4
6
8
1
Group #5:
2
4
Lottery winner is person 1 from group 1.

Test case 2:
Group #1:
1
2
3
4
5
6
7
8
Group #2:
3
Group #3:
2
4
6
8
3
7
5
Group #4:
2
4
6
8
1
Lottery winner is person 1 from group 2.

Test case 3:
Group #1:
3
6
1
5
2
8
4
Group #2:
4
1
3
Group #3:
4
8
2
7
3
10
9
Lottery winner is person 1 from group 3.

Test case 4:
Group #1:
2
4
6
8
3
7
5
Group #2:
3
6
9
2
7
1
8
5
Group #3:
3
6
2
7
Group #4:
2
4
6
8
1
Group #5:
2
4
Lottery winner is person 1 from group 1.
Group #1:
3
6
1
5
2
8
4
Group #2:
4
1
3
Group #3:
4
8
2
7
3
10
9
Lottery winner is person 1 from group 3.

Test case 5:
Group #1:
1
2
3
4
5
6
7
8
Group #2:
1
2
3
4
5
6
7
8
Group #3:
1
2
3
4
5
6
7
8
Group #4:
1
2
3
4
5
6
7
8
Lottery winner is person 9 from group 1.